2026-06-05 18:51:17,451 - main - INFO - Running via CLI: module=port_scanner, target=scanme.nmap.org
2026-06-05 18:51:17,465 - port_scanner - INFO - Starting port scan on target: scanme.nmap.org
2026-06-05 18:51:18,045 - port_scanner - DEBUG - Discovered open port: 22/tcp (ssh)
2026-06-05 18:51:18,559 - port_scanner - DEBUG - Discovered open port: 80/tcp (http)
2026-06-05 18:51:28,323 - main - DEBUG - JSON report saved to reports/PortScanner_scanme.nmap.org_20260605_185128.json
2026-06-05 18:51:28,323 - main - DEBUG - TXT report saved to reports/PortScanner_scanme.nmap.org_20260605_185128.txt
2026-06-05 18:51:28,761 - main - INFO - Running via CLI: module=dns_lookup, target=example.com
2026-06-05 18:51:28,774 - dns_lookup - INFO - Starting DNS lookup for domain: example.com
2026-06-05 18:51:30,822 - dns_lookup - DEBUG - Found 2 A records.
2026-06-05 18:51:32,872 - dns_lookup - DEBUG - Found 1 MX records.
2026-06-05 18:51:34,918 - dns_lookup - DEBUG - Found 2 NS records.
2026-06-05 18:51:34,921 - main - DEBUG - JSON report saved to reports/DNSLookup_example.com_20260605_185134.json
2026-06-05 18:51:34,922 - main - DEBUG - TXT report saved to reports/DNSLookup_example.com_20260605_185134.txt
2026-06-05 18:51:35,302 - main - INFO - Running via CLI: module=whois_lookup, target=example.com
2026-06-05 18:51:35,313 - whois_lookup - INFO - Starting WHOIS lookup for domain: example.com
2026-06-05 18:51:37,632 - whois_lookup - DEBUG - WHOIS Lookup successful for example.com.
2026-06-05 18:51:37,635 - main - DEBUG - JSON report saved to reports/WHOISLookup_example.com_20260605_185137.json
2026-06-05 18:51:37,635 - main - DEBUG - TXT report saved to reports/WHOISLookup_example.com_20260605_185137.txt
2026-06-05 18:51:38,021 - main - INFO - Running via CLI: module=header_checker, target=example.com
2026-06-05 18:51:38,031 - header_checker - INFO - Starting security headers check for target: https://example.com
2026-06-05 18:51:38,357 - header_checker - DEBUG - Checked headers for https://example.com. Found 0.
2026-06-05 18:51:38,361 - main - DEBUG - JSON report saved to reports/HeaderChecker_example.com_20260605_185138.json
2026-06-05 18:51:38,361 - main - DEBUG - TXT report saved to reports/HeaderChecker_example.com_20260605_185138.txt
2026-06-05 18:51:38,756 - main - INFO - Running via CLI: module=subdomain_finder, target=example.com
2026-06-05 18:51:38,768 - subdomain_finder - INFO - Starting subdomain search for domain: example.com
2026-06-05 18:51:38,841 - subdomain_finder - DEBUG - Found subdomain: www.example.com -> 104.20.23.154
2026-06-05 18:51:38,844 - main - DEBUG - JSON report saved to reports/SubdomainFinder_example.com_20260605_185138.json
2026-06-05 18:51:38,844 - main - DEBUG - TXT report saved to reports/SubdomainFinder_example.com_20260605_185138.txt
